<?xml version="1.0" encoding="UTF-8"?>
<!-- Generated by org.testng.reporters.JUnitReportReporter -->
<testsuite skipped="0" hostname="DESKTOP-9AKJP7N" name="com.OHRM.testcasescript.LoginpageTest" tests="2" failures="0" timestamp="2019-10-08T16:07:08 IST" time="5.899" errors="0">
  <testcase name="loginpagetitletest" time="0.063" classname="com.OHRM.testcasescript.LoginpageTest"/>
  <testcase name="logintest" time="5.836" classname="com.OHRM.testcasescript.LoginpageTest"/>
</testsuite> <!-- com.OHRM.testcasescript.LoginpageTest -->
