<?xml version="1.0" encoding="UTF-8"?>
<!-- Generated by org.testng.reporters.JUnitReportReporter -->
<testsuite skipped="0" hostname="DESKTOP-9AKJP7N" name="com.OHRM.testcasescript.HomepageTest" tests="1" failures="0" timestamp="2019-10-09T21:16:02 IST" time="0.054" errors="0">
  <testcase name="verifyhomepagetitletest" time="0.054" classname="com.OHRM.testcasescript.HomepageTest"/>
</testsuite> <!-- com.OHRM.testcasescript.HomepageTest -->
